-------------------------------------------------------------------------------
Test set: com.cava.examples.services.book.controller.BookControllerTest
-------------------------------------------------------------------------------
Tests run: 1, Failures: 1, Errors: 0, Skipped: 0, Time elapsed: 6.252 s <<< FAILURE! - in com.cava.examples.services.book.controller.BookControllerTest
com.cava.examples.services.book.controller.BookControllerTest.testGetAllBooks  Time elapsed: 0.161 s  <<< FAILURE!
java.lang.AssertionError: Status expected:<200> but was:<404>
	at com.cava.examples.services.book.controller.BookControllerTest.testGetAllBooks(BookControllerTest.java:49)

